<?xml version="1.0" encoding="UTF-8"?>
<testsuite xmlns:xsi="http://www.w3.org/2001/XMLSchema-instance" xsi:noNamespaceSchemaLocation="https://maven.apache.org/surefire/maven-surefire-plugin/xsd/surefire-test-report.xsd" name="com.example.tokenservice.TokenSecurityTest" time="5.525" tests="10" errors="0" skipped="0" failures="0">
  <properties>
[...]
</properties>
  <testcase name="testExpiredTokenRejection" classname="com.example.tokenservice.TokenSecurityTest" time="0.641"/>
  <testcase name="testTokenEntropyAnalysis" classname="com.example.tokenservice.TokenSecurityTest" time="0.218"/>
  <testcase name="testSecureKeyGeneration" classname="com.example.tokenservice.TokenSecurityTest" time="0"/>
  <testcase name="testTokenValidation_WrongKeySigned" classname="com.example.tokenservice.TokenSecurityTest" time="0.005"/>
  <testcase name="testTokenUniqueness" classname="com.example.tokenservice.TokenSecurityTest" time="0.246"/>
  <testcase name="testTokenInvalidation_Blacklist" classname="com.example.tokenservice.TokenSecurityTest" time="0.002"/>
  <testcase name="testTokenGeneration_ContainsSignature" classname="com.example.tokenservice.TokenSecurityTest" time="0.001"/>
  <testcase name="testNoSecretLeakage" classname="com.example.tokenservice.TokenSecurityTest" time="0.001"/>
  <testcase name="testTokenValidation_PayloadTampering" classname="com.example.tokenservice.TokenSecurityTest" time="0.001"/>
  <testcase name="testTokenValidation_SignatureTampering" classname="com.example.tokenservice.TokenSecurityTest" time="0.001"/>
</testsuite>